<?xml version="1.0" encoding="UTF-8"?>
<!-- Generated by org.testng.reporters.JUnitReportReporter -->
<testsuite hostname="CDC2-D-6SC8H92" name="demos.NewTest" tests="1" failures="0" timestamp="2 Aug 2019 05:19:36 GMT" time="13.841" errors="0">
  <testcase name="f" time="13.841" classname="demos.NewTest"/>
</testsuite> <!-- demos.NewTest -->
