<?xml version="1.0" encoding="UTF-8"?>
<!-- Generated by org.testng.reporters.JUnitReportReporter -->
<testsuite hostname="CDC2-D-6SC8H92" name="demos.Action" tests="1" failures="0" timestamp="2 Aug 2019 04:13:48 GMT" time="0.333" errors="0">
  <testcase name="action" time="0.333" classname="demos.Action"/>
</testsuite> <!-- demos.Action -->
