<?xml version="1.0" encoding="UTF-8"?>
<!-- Generated by org.testng.reporters.JUnitReportReporter -->
<testsuite hostname="CDC2-D-6SC8H92" name="demos.popupwindow" tests="1" failures="0" timestamp="2 Aug 2019 04:49:57 GMT" time="23.036" errors="0">
  <testcase name="f" time="23.036" classname="demos.popupwindow"/>
</testsuite> <!-- demos.popupwindow -->
