<?xml version="1.0" encoding="UTF-8"?>
<!-- Generated by org.testng.reporters.JUnitReportReporter -->
<testsuite hostname="CDC2-D-6SC8H92" name="demos.Ajax" tests="1" failures="0" timestamp="31 Jul 2019 06:25:43 GMT" time="19.369" errors="0">
  <testcase name="beforeClass" time="19.369" classname="demos.Ajax"/>
</testsuite> <!-- demos.Ajax -->
